<?xml version="1.0" encoding="UTF-8"?>
<!-- Generated by org.testng.reporters.JUnitReportReporter -->
<testsuite hostname="LAPTOP-R2TQUT5G" failures="0" tests="1" name="mylambton_webtest.HomeTest" time="4.038" errors="0" timestamp="2023-08-13T18:21:47 EDT" skipped="0">
  <testcase classname="mylambton_webtest.HomeTest" name="login" time="4.038"/>
</testsuite> <!-- mylambton_webtest.HomeTest -->
