<?xml version="1.0" encoding="UTF-8"?>
<!-- Generated by org.testng.reporters.JUnitReportReporter -->
<testsuite hostname="LAPTOP-R2TQUT5G" failures="0" tests="1" name="mylambton_webtest.HomeTest" time="5.934" errors="0" timestamp="2023-07-27T20:44:38 EDT" skipped="0">
  <testcase classname="mylambton_webtest.HomeTest" name="login" time="5.934"/>
</testsuite> <!-- mylambton_webtest.HomeTest -->
