<?xml version="1.0" encoding="UTF-8"?>
<!-- Generated by org.testng.reporters.JUnitReportReporter -->
<testsuite hostname="LAPTOP-R2TQUT5G" failures="0" tests="1" name="mylambton_webtest.HomeTest" time="3.056" errors="0" timestamp="2023-07-24T17:37:49 EDT" skipped="0">
  <testcase classname="mylambton_webtest.HomeTest" name="f" time="3.056"/>
</testsuite> <!-- mylambton_webtest.HomeTest -->
