<?xml version="1.0" encoding="UTF-8"?>
<!-- Generated by org.testng.reporters.JUnitReportReporter -->
<testsuite hostname="LAPTOP-R2TQUT5G" failures="0" tests="1" name="mylambton_webtest.HomeTest" time="0.023" errors="0" timestamp="2023-07-27T21:10:49 EDT" skipped="0">
  <testcase classname="mylambton_webtest.HomeTest" name="login" time="0.023"/>
</testsuite> <!-- mylambton_webtest.HomeTest -->
